<?xml version="1.0" encoding="UTF-8"?>
<!-- Generated by org.testng.reporters.JUnitXMLReporter -->
<testsuite hostname="DESKTOP-0394QNM" ignored="0" name="Test" tests="3" failures="1" timestamp="02 Jul 2022 03:46:16 GMT" time="1.868" errors="0">
  <testcase name="fialtest" time="0.055" classname="com.tests.LoginTest">
    <failure type="java.lang.AssertionError" message="expected [true] but found [false]">
      <![CDATA[java.lang.AssertionError: expected [true] but found [false]
at com.tests.LoginTest.fialtest(LoginTest.java:34)
... Removed 29 stack frames]]>
    </failure>
  </testcase> <!-- fialtest -->
  <testcase name="passtest" time="1.403" classname="com.tests.LoginTest"/>
  <testcase name="skiptest" time="0.002" classname="com.tests.LoginTest">
    <skipped/>
  </testcase> <!-- skiptest -->
</testsuite> <!-- Test -->
